<?xml version="1.0" encoding="UTF-8"?>
<testng-results skipped="0" failed="0" total="6" passed="6">
  <reporter-output>
  </reporter-output>
  <suite name="Gradle suite" duration-ms="36" started-at="2017-10-25T01:53:19Z" finished-at="2017-10-25T01:53:19Z">
    <groups>
    </groups>
    <test name="Gradle test" duration-ms="36" started-at="2017-10-25T01:53:19Z" finished-at="2017-10-25T01:53:19Z">
      <class name="TransformTest">
        <test-method status="PASS" signature="testColorShift()[pri:0, instance:TransformTest@50d97cc2]" name="testColorShift" duration-ms="13" started-at="2017-10-24T20:53:19Z" finished-at="2017-10-24T20:53:19Z">
          <reporter-output>
          </reporter-output>
        </test-method> <!-- testColorShift -->
        <test-method status="PASS" signature="testGreenScreen()[pri:0, instance:TransformTest@50d97cc2]" name="testGreenScreen" duration-ms="3" started-at="2017-10-24T20:53:19Z" finished-at="2017-10-24T20:53:19Z">
          <reporter-output>
          </reporter-output>
        </test-method> <!-- testGreenScreen -->
        <test-method status="PASS" signature="testMystery()[pri:0, instance:TransformTest@50d97cc2]" name="testMystery" duration-ms="1" started-at="2017-10-24T20:53:19Z" finished-at="2017-10-24T20:53:19Z">
          <reporter-output>
          </reporter-output>
        </test-method> <!-- testMystery -->
        <test-method status="PASS" signature="testPositionShifts()[pri:0, instance:TransformTest@50d97cc2]" name="testPositionShifts" duration-ms="3" started-at="2017-10-24T20:53:19Z" finished-at="2017-10-24T20:53:19Z">
          <reporter-output>
          </reporter-output>
        </test-method> <!-- testPositionShifts -->
        <test-method status="PASS" signature="testRotateAndFlip()[pri:0, instance:TransformTest@50d97cc2]" name="testRotateAndFlip" duration-ms="3" started-at="2017-10-24T20:53:19Z" finished-at="2017-10-24T20:53:19Z">
          <reporter-output>
          </reporter-output>
        </test-method> <!-- testRotateAndFlip -->
        <test-method status="PASS" signature="testShrinkOrExpand()[pri:0, instance:TransformTest@50d97cc2]" name="testShrinkOrExpand" duration-ms="3" started-at="2017-10-24T20:53:19Z" finished-at="2017-10-24T20:53:19Z">
          <reporter-output>
          </reporter-output>
        </test-method> <!-- testShrinkOrExpand -->
      </class> <!-- TransformTest -->
    </test> <!-- Gradle test -->
  </suite> <!-- Gradle suite -->
</testng-results>
